<?xml version="1.0" encoding="UTF-8"?>
<!-- Generated by org.testng.reporters.JUnitXMLReporter -->
<testsuite hostname="SKYCORE-25" ignored="0" name="Default test" tests="3" failures="0" timestamp="09 Sep 2019 12:36:52 GMT" time="23.757" errors="0">
  <testcase name="login_system" time="3.898" classname="creation.Baseclass"/>
  <testcase name="self_issue_template" time="6.93" classname="module_pages.TemplateCreation"/>
  <testcase name="setting_tab_fields" time="0.044" classname="module_pages.TemplateCreation"/>
</testsuite> <!-- Default test -->
